2026-03-29 14:19:57.155 Please replace `use_container_width` with `width`.

`use_container_width` will be removed after 2025-12-31.

For `use_container_width=True`, use `width='stretch'`. For `use_container_width=False`, use `width='content'`.
2026-03-29 14:19:57.376 Please replace `use_container_width` with `width`.

`use_container_width` will be removed after 2025-12-31.

For `use_container_width=True`, use `width='stretch'`. For `use_container_width=False`, use `width='content'`.
2026-03-29 14:20:47.325 Please replace `use_container_width` with `width`.

`use_container_width` will be removed after 2025-12-31.

For `use_container_width=True`, use `width='stretch'`. For `use_container_width=False`, use `width='content'`.
2026-03-29 14:20:47.587 Please replace `use_container_width` with `width`.

`use_container_width` will be removed after 2025-12-31.

For `use_container_width=True`, use `width='stretch'`. For `use_container_width=False`, use `width='content'`.
2026-03-29 14:20:51.876 Please replace `use_container_width` with `width`.

`use_container_width` will be removed after 2025-12-31.

For `use_container_width=True`, use `width='stretch'`. For `use_container_width=False`, use `width='content'`.
2026-03-29 14:20:52.120 Please replace `use_container_width` with `width`.

`use_container_width` will be removed after 2025-12-31.

For `use_container_width=True`, use `width='stretch'`. For `use_container_width=False`, use `width='content'`.
C:\Users\Gaurav\AppData\Local\Programs\Python\Python312\Lib\site-packages\sklearn\impute\_base.py:641: UserWarning: Skipping features without any observed values: ['species' 'gender' 'Diabetes' 'Hypertension' 'Hospital_before'
 'Infection_Freq']. At least one non-missing value is needed for imputation with strategy='most_frequent'.
  warnings.warn(
C:\Users\Gaurav\AppData\Local\Programs\Python\Python312\Lib\site-packages\sklearn\impute\_base.py:641: UserWarning: Skipping features without any observed values: ['age']. At least one non-missing value is needed for imputation with strategy='median'.
  warnings.warn(
C:\Users\Gaurav\AppData\Local\Programs\Python\Python312\Lib\site-packages\sklearn\utils\validation.py:2691: UserWarning: X does not have valid feature names, but LGBMClassifier was fitted with feature names
  warnings.warn(
